<?xml version="1.0" encoding="UTF-8"?>
<testng-results ignored="0" total="4" passed="4" failed="0" skipped="0">
  <reporter-output>
    <line>
      <![CDATA[Clicked on Image Link]]>
    </line>
  </reporter-output>
  <suite started-at="2022-09-09T03:10:51Z" name="RegressionSuite" finished-at="2022-09-09T03:11:47Z" duration-ms="56793">
    <groups>
    </groups>
    <test started-at="2022-09-09T03:10:51Z" name="RegressionTest" finished-at="2022-09-09T03:11:47Z" duration-ms="56793">
      <class name="testng.RadioButton1">
        <test-method is-config="true" signature="beforeMethod(java.lang.String)[pri:0, instance:testng.RadioButton1@cad498c]" started-at="2022-09-09T03:10:51Z" name="beforeMethod" finished-at="2022-09-09T03:11:04Z" duration-ms="13584" status="PASS">
          <params>
            <param index="0">
              <value>
                <![CDATA[chrome]]>
              </value>
            </param>
          </params>
          <reporter-output>
          </reporter-output>
        </test-method> <!-- beforeMethod -->
        <test-method signature="radioButtonTest()[pri:0, instance:testng.RadioButton1@cad498c]" started-at="2022-09-09T03:11:04Z" name="radioButtonTest" finished-at="2022-09-09T03:11:06Z" duration-ms="1786" status="PASS">
          <reporter-output>
          </reporter-output>
        </test-method> <!-- radioButtonTest -->
        <test-method is-config="true" signature="afterMethod()[pri:0, instance:testng.RadioButton1@cad498c]" started-at="2022-09-09T03:11:06Z" name="afterMethod" finished-at="2022-09-09T03:11:09Z" duration-ms="3034" status="PASS">
          <reporter-output>
          </reporter-output>
        </test-method> <!-- afterMethod -->
      </class> <!-- testng.RadioButton1 -->
      <class name="testng.LinksTesting1">
        <test-method is-config="true" signature="setup(java.lang.String)[pri:0, instance:testng.LinksTesting1@b62d79]" started-at="2022-09-09T03:11:39Z" name="setup" finished-at="2022-09-09T03:11:44Z" duration-ms="5502" status="PASS">
          <params>
            <param index="0">
              <value>
                <![CDATA[chrome]]>
              </value>
            </param>
          </params>
          <reporter-output>
          </reporter-output>
        </test-method> <!-- setup -->
        <test-method signature="linktesting1()[pri:0, instance:testng.LinksTesting1@b62d79]" started-at="2022-09-09T03:11:44Z" name="linktesting1" finished-at="2022-09-09T03:11:46Z" duration-ms="1745" status="PASS">
          <reporter-output>
            <line>
              <![CDATA[Clicked on Image Link]]>
            </line>
          </reporter-output>
        </test-method> <!-- linktesting1 -->
        <test-method is-config="true" signature="tearDown()[pri:0, instance:testng.LinksTesting1@b62d79]" started-at="2022-09-09T03:11:46Z" name="tearDown" finished-at="2022-09-09T03:11:47Z" duration-ms="1551" status="PASS">
          <reporter-output>
          </reporter-output>
        </test-method> <!-- tearDown -->
      </class> <!-- testng.LinksTesting1 -->
      <class name="testng.TNG_004">
        <test-method is-config="true" signature="startProcess(java.lang.String)[pri:0, instance:testng.TNG_004@1e6454ec]" started-at="2022-09-09T03:11:09Z" name="startProcess" finished-at="2022-09-09T03:11:17Z" duration-ms="8321" status="PASS">
          <params>
            <param index="0">
              <value>
                <![CDATA[chrome]]>
              </value>
            </param>
          </params>
          <reporter-output>
          </reporter-output>
        </test-method> <!-- startProcess -->
        <test-method signature="amazon()[pri:0, instance:testng.TNG_004@1e6454ec]" started-at="2022-09-09T03:11:17Z" name="amazon" finished-at="2022-09-09T03:11:25Z" duration-ms="7684" status="PASS">
          <reporter-output>
          </reporter-output>
        </test-method> <!-- amazon -->
        <test-method is-config="true" signature="endProcess()[pri:0, instance:testng.TNG_004@1e6454ec]" started-at="2022-09-09T03:11:25Z" name="endProcess" finished-at="2022-09-09T03:11:27Z" duration-ms="1925" status="PASS">
          <reporter-output>
          </reporter-output>
        </test-method> <!-- endProcess -->
      </class> <!-- testng.TNG_004 -->
      <class name="testng.CheckBox1">
        <test-method is-config="true" signature="beforeMethod(java.lang.String)[pri:0, instance:testng.CheckBox1@2accdbb5]" started-at="2022-09-09T03:11:27Z" name="beforeMethod" finished-at="2022-09-09T03:11:36Z" duration-ms="8531" status="PASS">
          <params>
            <param index="0">
              <value>
                <![CDATA[chrome]]>
              </value>
            </param>
          </params>
          <reporter-output>
          </reporter-output>
        </test-method> <!-- beforeMethod -->
        <test-method signature="checkboxTest()[pri:0, instance:testng.CheckBox1@2accdbb5]" started-at="2022-09-09T03:11:36Z" name="checkboxTest" finished-at="2022-09-09T03:11:37Z" duration-ms="1452" status="PASS">
          <reporter-output>
          </reporter-output>
        </test-method> <!-- checkboxTest -->
        <test-method is-config="true" signature="afterMethod()[pri:0, instance:testng.CheckBox1@2accdbb5]" started-at="2022-09-09T03:11:37Z" name="afterMethod" finished-at="2022-09-09T03:11:39Z" duration-ms="1578" status="PASS">
          <reporter-output>
          </reporter-output>
        </test-method> <!-- afterMethod -->
      </class> <!-- testng.CheckBox1 -->
    </test> <!-- RegressionTest -->
  </suite> <!-- RegressionSuite -->
</testng-results>
