<?xml version="1.0" encoding="UTF-8"?>
<testng-results ignored="0" total="1" passed="1" failed="0" skipped="0">
  <reporter-output>
  </reporter-output>
  <suite started-at="2022-10-10T03:33:07Z" name="Suite" finished-at="2022-10-10T03:33:57Z" duration-ms="49630">
    <groups>
    </groups>
    <test started-at="2022-10-10T03:33:07Z" name="Test" finished-at="2022-10-10T03:33:57Z" duration-ms="49630">
      <class name="pom.POM_001">
        <test-method is-config="true" signature="beforeMethod(java.lang.String)[pri:0, instance:pom.POM_001@3514a4c0]" started-at="2022-10-10T03:33:07Z" name="beforeMethod" finished-at="2022-10-10T03:33:34Z" duration-ms="26379" status="PASS">
          <params>
            <param index="0">
              <value>
                <![CDATA[chrome]]>
              </value>
            </param>
          </params>
          <reporter-output>
          </reporter-output>
        </test-method> <!-- beforeMethod -->
        <test-method signature="login()[pri:0, instance:pom.POM_001@3514a4c0]" started-at="2022-10-10T03:33:34Z" name="login" finished-at="2022-10-10T03:33:57Z" duration-ms="23149" status="PASS">
          <reporter-output>
          </reporter-output>
        </test-method> <!-- login -->
        <test-method is-config="true" signature="afterMethod()[pri:0, instance:pom.POM_001@3514a4c0]" started-at="2022-10-10T03:33:57Z" name="afterMethod" finished-at="2022-10-10T03:33:57Z" duration-ms="1" status="PASS">
          <reporter-output>
          </reporter-output>
        </test-method> <!-- afterMethod -->
      </class> <!-- pom.POM_001 -->
    </test> <!-- Test -->
  </suite> <!-- Suite -->
</testng-results>
