<?xml version="1.0" encoding="UTF-8"?>
<!-- Generated by org.testng.reporters.JUnitXMLReporter -->
<testsuite ignored="0" hostname="DESKTOP-JCJ8HOK" failures="0" tests="4" name="Test" time="62.543" errors="0" timestamp="13 Sep 2022 02:53:29 GMT">
  <testcase classname="testng.RadioButton1" name="radioButtonTest" time="2.141"/>
  <testcase classname="testng.TNG_004" name="amazon" time="11.094"/>
  <testcase classname="testng.CheckBox1" name="checkboxTest" time="1.643"/>
  <testcase classname="testng.LinksTesting1" name="linktesting1" time="1.923"/>
</testsuite> <!-- Test -->
