<?xml version="1.0" encoding="UTF-8"?>
<testng-results skipped="0" failed="0" ignored="5" total="7" passed="2">
  <reporter-output>
  </reporter-output>
  <suite name="Suite" duration-ms="18298" started-at="2022-10-26T03:41:21Z" finished-at="2022-10-26T03:41:40Z">
    <groups>
    </groups>
    <test name="CreatePortifolioTest" duration-ms="18298" started-at="2022-10-26T03:41:21Z" finished-at="2022-10-26T03:41:40Z">
      <class name="testcases.PortifolioManagement">
        <test-method status="PASS" signature="beforeMethod(org.testng.ITestContext)[pri:0, instance:testcases.PortifolioManagement@42e26948]" name="beforeMethod" is-config="true" duration-ms="1" started-at="2022-10-26T03:41:38Z" finished-at="2022-10-26T03:41:38Z">
          <params>
            <param index="0">
              <value>
                <![CDATA[org.testng.TestRunner@7c22d4f]]>
              </value>
            </param>
          </params>
          <reporter-output>
          </reporter-output>
        </test-method> <!-- beforeMethod -->
        <test-method status="PASS" signature="createPortifolio()[pri:0, instance:testcases.PortifolioManagement@42e26948]" name="createPortifolio" duration-ms="3" started-at="2022-10-26T03:41:38Z" finished-at="2022-10-26T03:41:38Z">
          <reporter-output>
          </reporter-output>
        </test-method> <!-- createPortifolio -->
      </class> <!-- testcases.PortifolioManagement -->
      <class name="testcases.Session">
        <test-method status="PASS" signature="init(org.testng.ITestContext)[pri:0, instance:testcases.Session@1794d431]" name="init" is-config="true" duration-ms="732" started-at="2022-10-26T03:41:21Z" finished-at="2022-10-26T03:41:22Z">
          <params>
            <param index="0">
              <value>
                <![CDATA[org.testng.TestRunner@7c22d4f]]>
              </value>
            </param>
          </params>
          <reporter-output>
          </reporter-output>
        </test-method> <!-- init -->
        <test-method status="PASS" signature="beforeMethod(org.testng.ITestContext)[pri:0, instance:testcases.Session@1794d431]" name="beforeMethod" is-config="true" duration-ms="9" started-at="2022-10-26T03:41:22Z" finished-at="2022-10-26T03:41:22Z">
          <params>
            <param index="0">
              <value>
                <![CDATA[org.testng.TestRunner@7c22d4f]]>
              </value>
            </param>
          </params>
          <reporter-output>
          </reporter-output>
        </test-method> <!-- beforeMethod -->
        <test-method status="PASS" signature="doLogin()[pri:0, instance:testcases.Session@1794d431]" name="doLogin" duration-ms="16005" started-at="2022-10-26T03:41:22Z" finished-at="2022-10-26T03:41:38Z">
          <reporter-output>
          </reporter-output>
        </test-method> <!-- doLogin -->
        <test-method status="PASS" signature="kill()[pri:0, instance:testcases.Session@1794d431]" name="kill" is-config="true" duration-ms="1473" started-at="2022-10-26T03:41:38Z" finished-at="2022-10-26T03:41:40Z">
          <reporter-output>
          </reporter-output>
        </test-method> <!-- kill -->
      </class> <!-- testcases.Session -->
    </test> <!-- CreatePortifolioTest -->
  </suite> <!-- Suite -->
</testng-results>
