<?xml version="1.0" encoding="UTF-8"?>
<testng-results skipped="0" failed="0" ignored="5" total="7" passed="2">
  <reporter-output>
  </reporter-output>
  <suite name="Suite" duration-ms="13669" started-at="2022-10-21T03:25:05Z" finished-at="2022-10-21T03:25:18Z">
    <groups>
    </groups>
    <test name="CreatePortifolioTest" duration-ms="13669" started-at="2022-10-21T03:25:05Z" finished-at="2022-10-21T03:25:18Z">
      <class name="testcases.PortifolioManagement">
        <test-method status="PASS" signature="createPortifolio()[pri:0, instance:testcases.PortifolioManagement@42e26948]" name="createPortifolio" duration-ms="2" started-at="2022-10-21T03:25:18Z" finished-at="2022-10-21T03:25:18Z">
          <reporter-output>
          </reporter-output>
        </test-method> <!-- createPortifolio -->
        <test-method status="PASS" signature="beforeMethod(org.testng.ITestContext)[pri:0, instance:testcases.PortifolioManagement@42e26948]" name="beforeMethod" is-config="true" duration-ms="0" started-at="2022-10-21T03:25:18Z" finished-at="2022-10-21T03:25:18Z">
          <params>
            <param index="0">
              <value>
                <![CDATA[org.testng.TestRunner@52d645b1]]>
              </value>
            </param>
          </params>
          <reporter-output>
          </reporter-output>
        </test-method> <!-- beforeMethod -->
      </class> <!-- testcases.PortifolioManagement -->
      <class name="testcases.Session">
        <test-method status="PASS" signature="init(org.testng.ITestContext)[pri:0, instance:testcases.Session@1794d431]" name="init" is-config="true" duration-ms="91" started-at="2022-10-21T03:25:05Z" finished-at="2022-10-21T03:25:05Z">
          <params>
            <param index="0">
              <value>
                <![CDATA[org.testng.TestRunner@52d645b1]]>
              </value>
            </param>
          </params>
          <reporter-output>
          </reporter-output>
        </test-method> <!-- init -->
        <test-method status="PASS" signature="beforeMethod(org.testng.ITestContext)[pri:0, instance:testcases.Session@1794d431]" name="beforeMethod" is-config="true" duration-ms="3" started-at="2022-10-21T03:25:05Z" finished-at="2022-10-21T03:25:05Z">
          <params>
            <param index="0">
              <value>
                <![CDATA[org.testng.TestRunner@52d645b1]]>
              </value>
            </param>
          </params>
          <reporter-output>
          </reporter-output>
        </test-method> <!-- beforeMethod -->
        <test-method status="PASS" signature="doLogin()[pri:0, instance:testcases.Session@1794d431]" name="doLogin" duration-ms="13491" started-at="2022-10-21T03:25:05Z" finished-at="2022-10-21T03:25:18Z">
          <reporter-output>
          </reporter-output>
        </test-method> <!-- doLogin -->
        <test-method status="PASS" signature="kill()[pri:0, instance:testcases.Session@1794d431]" name="kill" is-config="true" duration-ms="0" started-at="2022-10-21T03:25:18Z" finished-at="2022-10-21T03:25:18Z">
          <reporter-output>
          </reporter-output>
        </test-method> <!-- kill -->
      </class> <!-- testcases.Session -->
    </test> <!-- CreatePortifolioTest -->
  </suite> <!-- Suite -->
</testng-results>
