<?xml version="1.0" encoding="UTF-8"?>
<!-- Generated by org.testng.reporters.JUnitXMLReporter -->
<testsuite ignored="1" hostname="DESKTOP-JCJ8HOK" failures="0" tests="6" name="AutomationTest" time="0.24" errors="0" timestamp="09 Sep 2022 02:39:37 GMT">
  <testcase classname="testng.TNG_001" name="f" time="0.049"/>
  <testcase classname="testng.TNG_003" name="a" time="0.003"/>
  <testcase classname="testng.TNG_003" name="f" time="0.003"/>
  <testcase classname="testng.TNG_003" name="z" time="0.015"/>
  <testcase classname="testng.TNG_002" name="f" time="0.004"/>
  <testcase classname="testng.TNG_002" name="a" time="0.008"/>
  <testcase classname="testng.TNG_002" name="z" time="0.0">
    <ignored/>
  </testcase> <!-- z -->
</testsuite> <!-- AutomationTest -->
