<?xml version="1.0" encoding="UTF-8"?>
<!-- Generated by org.testng.reporters.JUnitXMLReporter -->
<testsuite ignored="0" hostname="DESKTOP-JCJ8HOK" failures="0" tests="4" name="ChromeTest" time="78.606" errors="0" timestamp="09 Sep 2022 03:23:05 GMT">
  <testcase classname="testng.RadioButton1" name="radioButtonTest" time="2.264"/>
  <testcase classname="testng.TNG_004" name="amazon" time="11.149"/>
  <testcase classname="testng.CheckBox1" name="checkboxTest" time="0.42"/>
  <testcase classname="testng.LinksTesting1" name="linktesting1" time="2.299"/>
</testsuite> <!-- ChromeTest -->
