<?xml version="1.0" encoding="UTF-8"?>
<!-- Generated by org.testng.reporters.JUnitXMLReporter -->
<testsuite ignored="0" hostname="DESKTOP-JCJ8HOK" failures="0" tests="4" name="RegressionTest" time="56.793" errors="0" timestamp="09 Sep 2022 03:11:47 GMT">
  <testcase classname="testng.RadioButton1" name="radioButtonTest" time="1.786"/>
  <testcase classname="testng.TNG_004" name="amazon" time="7.684"/>
  <testcase classname="testng.CheckBox1" name="checkboxTest" time="1.452"/>
  <testcase classname="testng.LinksTesting1" name="linktesting1" time="1.745"/>
</testsuite> <!-- RegressionTest -->
