<?xml version="1.0" encoding="UTF-8"?>
<!-- Generated by org.testng.reporters.JUnitXMLReporter -->
<testsuite ignored="1" hostname="DESKTOP-JCJ8HOK" failures="0" tests="2" name="Default test" time="0.154" errors="0" timestamp="08 Sep 2022 03:41:56 GMT">
  <testcase classname="testng.TNG_002" name="f" time="0.039"/>
  <testcase classname="testng.TNG_002" name="a" time="0.009"/>
  <testcase classname="testng.TNG_002" name="z" time="0.0">
    <ignored/>
  </testcase> <!-- z -->
</testsuite> <!-- Default test -->
