<?xml version="1.0" encoding="UTF-8"?>
<!-- Generated by org.testng.reporters.JUnitXMLReporter -->
<testsuite ignored="0" hostname="DESKTOP-JCJ8HOK" failures="0" tests="2" name="Default test" time="2.238" errors="0" timestamp="23 Sep 2022 03:31:18 GMT">
  <testcase classname="excelDataDriven.DataManagementFinalVersion" name="f" time="0.032"/>
  <testcase classname="excelDataDriven.DataManagementFinalVersion" name="f" time="0.007">
    <skipped/>
  </testcase> <!-- f -->
</testsuite> <!-- Default test -->
