<?xml version="1.0" encoding="UTF-8"?>
<!-- Generated by org.testng.reporters.JUnitXMLReporter -->
<testsuite hostname="DESKTOP-JCJ8HOK" ignored="5" name="Test" tests="2" failures="0" timestamp="20 Oct 2022 03:31:22 GMT" time="0.148" errors="0">
  <testcase name="doLogin" time="0.014" classname="testcases.Session"/>
  <testcase name="createPortifolio" time="0.007" classname="testcases.PortifolioManagement"/>
  <testcase name="@AfterTest kill" time="0.0" classname="testcases.BaseTest">
    <ignored/>
  </testcase> <!-- @AfterTest kill -->
  <testcase name="deletePortifolio" time="0.0" classname="testcases.PortifolioManagement">
    <ignored/>
  </testcase> <!-- deletePortifolio -->
  <testcase name="doLogout" time="0.0" classname="testcases.Session">
    <ignored/>
  </testcase> <!-- doLogout -->
  <testcase name="@BeforeTest init" time="0.0" classname="testcases.BaseTest">
    <ignored/>
  </testcase> <!-- @BeforeTest init -->
  <testcase name="modifyPortifolio" time="0.0" classname="testcases.PortifolioManagement">
    <ignored/>
  </testcase> <!-- modifyPortifolio -->
</testsuite> <!-- Test -->
