<?xml version="1.0" encoding="UTF-8"?>
<!-- Generated by org.testng.reporters.JUnitXMLReporter -->
<testsuite ignored="2" hostname="DESKTOP-JCJ8HOK" failures="0" tests="6" name="Create New Booking Test" time="0.161" errors="0" timestamp="19 Sep 2022 03:12:13 GMT">
  <testcase classname="testcases.Booking" name="searchHotel" time="0.028"/>
  <testcase classname="testcases.Booking" name="typeOfRoom" time="0.004"/>
  <testcase classname="testcases.PaymentManager" name="applyDiscount" time="0.007"/>
  <testcase classname="testcases.PaymentManager" name="makePayment" time="0.009"/>
  <testcase classname="testcases.CustomerCommunication" name="checkEmailVerification" time="0.009"/>
  <testcase classname="testcases.CustomerCommunication" name="checkMobileVerification" time="0.003"/>
  <testcase classname="testcases.Booking" name="cancelBooking" time="0.0">
    <ignored/>
  </testcase> <!-- cancelBooking -->
  <testcase classname="testcases.Booking" name="loadBooking" time="0.0">
    <ignored/>
  </testcase> <!-- loadBooking -->
</testsuite> <!-- Create New Booking Test -->
