<?xml version="1.0" encoding="UTF-8"?>
<!-- Generated by org.testng.reporters.JUnitXMLReporter -->
<testsuite ignored="2" hostname="DESKTOP-JCJ8HOK" failures="0" tests="6" name="Create New Booking Test - pay@Hotel" time="0.222" errors="0" timestamp="19 Sep 2022 03:30:29 GMT">
  <testcase classname="testcases.Booking" name="searchHotel" time="0.032"/>
  <testcase classname="testcases.Booking" name="typeOfRoom" time="0.005"/>
  <testcase classname="testcases.PaymentManager" name="applyDiscount" time="0.006"/>
  <testcase classname="testcases.PaymentManager" name="makePayment" time="0.007"/>
  <testcase classname="testcases.CustomerCommunication" name="checkEmailVerification" time="0.011"/>
  <testcase classname="testcases.CustomerCommunication" name="checkMobileVerification" time="0.009"/>
  <testcase classname="testcases.Booking" name="cancelBooking" time="0.0">
    <ignored/>
  </testcase> <!-- cancelBooking -->
  <testcase classname="testcases.Booking" name="loadBooking" time="0.0">
    <ignored/>
  </testcase> <!-- loadBooking -->
</testsuite> <!-- Create New Booking Test - pay@Hotel -->
