<?xml version="1.0" encoding="UTF-8"?>
<!-- Generated by org.testng.reporters.JUnitXMLReporter -->
<testsuite ignored="0" hostname="DESKTOP-JCJ8HOK" failures="0" tests="8" name="Test" time="0.374" errors="0" timestamp="19 Sep 2022 03:02:41 GMT">
  <testcase classname="testcases.Booking" name="cancelBooking" time="0.029"/>
  <testcase classname="testcases.Booking" name="loadBooking" time="0.006"/>
  <testcase classname="testcases.Booking" name="searchHotel" time="0.016"/>
  <testcase classname="testcases.Booking" name="typeOfRoom" time="0.016"/>
  <testcase classname="testcases.CustomerCommunication" name="checkEmailVerification" time="0.007"/>
  <testcase classname="testcases.CustomerCommunication" name="checkMobileVerification" time="0.002"/>
  <testcase classname="testcases.PaymentManager" name="applyDiscount" time="0.01"/>
  <testcase classname="testcases.PaymentManager" name="makePayment" time="0.007"/>
</testsuite> <!-- Test -->
